<?xml version="1.0" encoding="UTF-8"?>
<testng-results ignored="0" total="1" passed="1" failed="0" skipped="0">
  <reporter-output>
  </reporter-output>
  <suite started-at="2022-10-21T19:07:15 IST" name="Default suite" finished-at="2022-10-21T19:07:26 IST" duration-ms="10785">
    <groups>
    </groups>
    <test started-at="2022-10-21T19:07:15 IST" name="Default test" finished-at="2022-10-21T19:07:26 IST" duration-ms="10785">
      <class name="Git_Frame_One.FrameWork_Git">
        <test-method signature="Frame()[pri:0, instance:Git_Frame_One.FrameWork_Git@51dcb805]" started-at="2022-10-21T19:07:15 IST" name="Frame" finished-at="2022-10-21T19:07:26 IST" duration-ms="10734" status="PASS">
          <reporter-output>
          </reporter-output>
        </test-method> <!-- Frame -->
      </class> <!-- Git_Frame_One.FrameWork_Git -->
    </test> <!-- Default test -->
  </suite> <!-- Default suite -->
</testng-results>
